0 info it worked if it ends with ok
1 verbose cli [ '/usr/local/bin/node', '/usr/local/bin/npm', 'i', '-g', 'esdoc' ]
2 info using npm@2.14.7
3 info using node@v4.2.1
4 verbose install initial load of /usr/local/lib/package.json
5 verbose readDependencies loading dependencies from /usr/local/lib/package.json
6 silly cache add args [ 'esdoc', null ]
7 verbose cache add spec esdoc
8 silly cache add parsed spec Result {
8 silly cache add   raw: 'esdoc',
8 silly cache add   scope: null,
8 silly cache add   name: 'esdoc',
8 silly cache add   rawSpec: '',
8 silly cache add   spec: '*',
8 silly cache add   type: 'range' }
9 silly addNamed esdoc@*
10 verbose addNamed "*" is a valid semver range for esdoc
11 silly addNameRange { name: 'esdoc', range: '*', hasData: false }
12 silly mapToRegistry name esdoc
13 silly mapToRegistry using default registry
14 silly mapToRegistry registry https://registry.npmjs.org/
15 silly mapToRegistry uri https://registry.npmjs.org/esdoc
16 verbose addNameRange registry:https://registry.npmjs.org/esdoc not in flight; fetching
17 verbose request uri https://registry.npmjs.org/esdoc
18 verbose request no auth needed
19 info attempt registry request try #1 at 21:29:38
20 verbose request id aae2a55d418fab66
21 verbose etag "7S88L1EAWWCSJ5CDKDJ6TDL1Z"
22 http request GET https://registry.npmjs.org/esdoc
23 info retry will retry, error on last attempt: Error: read ETIMEDOUT
24 info attempt registry request try #2 at 21:36:16
25 verbose etag "7S88L1EAWWCSJ5CDKDJ6TDL1Z"
26 http request GET https://registry.npmjs.org/esdoc
27 http 304 https://registry.npmjs.org/esdoc
28 verbose headers { date: 'Fri, 03 Jun 2016 13:36:49 GMT',
28 verbose headers   via: '1.1 varnish',
28 verbose headers   'cache-control': 'max-age=300',
28 verbose headers   etag: '"7S88L1EAWWCSJ5CDKDJ6TDL1Z"',
28 verbose headers   age: '156',
28 verbose headers   connection: 'keep-alive',
28 verbose headers   'x-served-by': 'cache-ams4136-AMS',
28 verbose headers   'x-cache': 'HIT',
28 verbose headers   'x-cache-hits': '1',
28 verbose headers   'x-timer': 'S1464961009.273866,VS0,VE0',
28 verbose headers   vary: 'Accept-Encoding' }
29 silly get cb [ 304,
29 silly get   { date: 'Fri, 03 Jun 2016 13:36:49 GMT',
29 silly get     via: '1.1 varnish',
29 silly get     'cache-control': 'max-age=300',
29 silly get     etag: '"7S88L1EAWWCSJ5CDKDJ6TDL1Z"',
29 silly get     age: '156',
29 silly get     connection: 'keep-alive',
29 silly get     'x-served-by': 'cache-ams4136-AMS',
29 silly get     'x-cache': 'HIT',
29 silly get     'x-cache-hits': '1',
29 silly get     'x-timer': 'S1464961009.273866,VS0,VE0',
29 silly get     vary: 'Accept-Encoding' } ]
30 verbose etag https://registry.npmjs.org/esdoc from cache
31 verbose get saving esdoc to /Users/huzhongchun/.npm/registry.npmjs.org/esdoc/.cache.json
32 silly addNameRange number 2 { name: 'esdoc', range: '*', hasData: true }
33 silly addNameRange versions [ 'esdoc',
33 silly addNameRange   [ '1.0.0',
33 silly addNameRange     '0.0.1',
33 silly addNameRange     '0.0.2',
33 silly addNameRange     '0.1.0',
33 silly addNameRange     '0.1.1',
33 silly addNameRange     '0.1.2',
33 silly addNameRange     '0.1.3',
33 silly addNameRange     '0.1.4',
33 silly addNameRange     '0.2.0',
33 silly addNameRange     '0.2.1',
33 silly addNameRange     '0.2.2',
33 silly addNameRange     '0.2.3',
33 silly addNameRange     '0.2.4',
33 silly addNameRange     '0.2.5',
33 silly addNameRange     '0.2.6',
33 silly addNameRange     '0.3.0',
33 silly addNameRange     '0.3.1',
33 silly addNameRange     '0.4.0',
33 silly addNameRange     '0.4.1',
33 silly addNameRange     '0.4.2',
33 silly addNameRange     '0.4.3',
33 silly addNameRange     '0.4.4',
33 silly addNameRange     '0.4.5',
33 silly addNameRange     '0.4.6',
33 silly addNameRange     '0.4.7' ] ]
34 silly addNamed esdoc@0.4.7
35 verbose addNamed "0.4.7" is a plain semver version for esdoc
36 silly cache afterAdd esdoc@0.4.7
37 verbose afterAdd /Users/huzhongchun/.npm/esdoc/0.4.7/package/package.json not in flight; writing
38 verbose afterAdd /Users/huzhongchun/.npm/esdoc/0.4.7/package/package.json written
39 silly install resolved [ { name: 'esdoc',
39 silly install resolved     version: '0.4.7',
39 silly install resolved     description: 'Documentation Generator For JavaScript(ES6)',
39 silly install resolved     author: { name: 'h13i32maru' },
39 silly install resolved     homepage: 'https://esdoc.org/',
39 silly install resolved     license: 'MIT',
39 silly install resolved     repository: { type: 'git', url: 'git+https://github.com/esdoc/esdoc.git' },
39 silly install resolved     scripts:
39 silly install resolved      { build: 'node ./script/build.js',
39 silly install resolved        test: 'node ./script/test.js',
39 silly install resolved        'test-es5': 'node ./script/test-es5.js',
39 silly install resolved        esdoc: 'node ./script/esdoc.js',
39 silly install resolved        docpad: 'node ./script/docpad.js',
39 silly install resolved        start: 'node ./script/server.js' },
39 silly install resolved     dependencies:
39 silly install resolved      { cheerio: '0.19.0',
39 silly install resolved        'color-logger': '0.0.3',
39 silly install resolved        'core-js': '0.9.18',
39 silly install resolved        'escape-html': '1.0.2',
39 silly install resolved        escodegen: '1.7.0',
39 silly install resolved        espree: '2.2.0',
39 silly install resolved        estraverse: '4.1.0',
39 silly install resolved        'fs-extra': '0.26.5',
39 silly install resolved        'ice-cap': '0.0.4',
39 silly install resolved        marked: '0.3.5',
39 silly install resolved        minimist: '1.1.1',
39 silly install resolved        taffydb: '2.7.2' },
39 silly install resolved     devDependencies:
39 silly install resolved      { babel: '5.6.14',
39 silly install resolved        coveralls: '2.11.2',
39 silly install resolved        docpad: '6.78.1',
39 silly install resolved        'esdoc-importpath-plugin': '0.0.1',
39 silly install resolved        'http-server': '0.8.0',
39 silly install resolved        istanbul: '0.3.16',
39 silly install resolved        mocha: '2.2.5' },
39 silly install resolved     keywords:
39 silly install resolved      [ 'jsdoc',
39 silly install resolved        'api',
39 silly install resolved        'document',
39 silly install resolved        'ES6',
39 silly install resolved        'ES2015',
39 silly install resolved        'ECMAScript6',
39 silly install resolved        'ECMAScript2015' ],
39 silly install resolved     files: [ 'out/src', 'README.md' ],
39 silly install resolved     main: 'out/src/ESDoc.js',
39 silly install resolved     bin: { esdoc: 'out/src/ESDocCLI.js' },
39 silly install resolved     gitHead: '8eecb70f2bda9d5819bfcbfca2557072261bb2d0',
39 silly install resolved     bugs: { url: 'https://github.com/esdoc/esdoc/issues' },
39 silly install resolved     _id: 'esdoc@0.4.7',
39 silly install resolved     _shasum: 'e25aec07a728c3a6aebf03e658944dfcaa67b450',
39 silly install resolved     _from: 'esdoc@*',
39 silly install resolved     _npmVersion: '3.8.3',
39 silly install resolved     _nodeVersion: '5.10.1',
39 silly install resolved     _npmUser: { name: 'h13i32maru', email: 'h13i32maru@gmail.com' },
39 silly install resolved     dist:
39 silly install resolved      { shasum: 'e25aec07a728c3a6aebf03e658944dfcaa67b450',
39 silly install resolved        tarball: 'https://registry.npmjs.org/esdoc/-/esdoc-0.4.7.tgz' },
39 silly install resolved     maintainers: [ [Object] ],
39 silly install resolved     _npmOperationalInternal:
39 silly install resolved      { host: 'packages-16-east.internal.npmjs.com',
39 silly install resolved        tmp: 'tmp/esdoc-0.4.7.tgz_1462120787946_0.48499230830930173' },
39 silly install resolved     directories: {},
39 silly install resolved     _resolved: 'https://registry.npmjs.org/esdoc/-/esdoc-0.4.7.tgz',
39 silly install resolved     readme: 'ERROR: No README data found!' } ]
40 info install esdoc@0.4.7 into /usr/local/lib
41 info installOne esdoc@0.4.7
42 verbose installOne of esdoc to /usr/local/lib not in flight; installing
43 verbose lock using /Users/huzhongchun/.npm/_locks/esdoc-ffcde38d420ee79e.lock for /usr/local/lib/node_modules/esdoc
44 silly install write writing esdoc 0.4.7 to /usr/local/lib/node_modules/esdoc
45 verbose unbuild lib/node_modules/esdoc
46 silly gentlyRm /usr/local/lib/node_modules/esdoc is being purged from base /usr/local
47 verbose gentlyRm don't care about contents; nuking /usr/local/lib/node_modules/esdoc
48 verbose tar unpack /Users/huzhongchun/.npm/esdoc/0.4.7/package.tgz
49 verbose tar unpacking to /usr/local/lib/node_modules/esdoc
50 silly gentlyRm /usr/local/lib/node_modules/esdoc is being purged
51 verbose gentlyRm don't care about contents; nuking /usr/local/lib/node_modules/esdoc
52 silly gunzTarPerm modes [ '755', '644' ]
53 silly gunzTarPerm extractEntry package.json
54 silly gunzTarPerm extractEntry README.md
55 silly gunzTarPerm extractEntry LICENSE
56 silly gunzTarPerm extractEntry CHANGELOG.md
57 silly gunzTarPerm extractEntry out/src/ESDoc.js
58 silly gunzTarPerm extractEntry out/src/ESDocCLI.js
59 silly gunzTarPerm extractEntry out/src/BuiltinExternal/ECMAScriptExternal.js
60 silly gunzTarPerm extractEntry out/src/BuiltinExternal/WebAPIExternal.js
61 silly gunzTarPerm extractEntry out/src/Doc/AbstractDoc.js
62 silly gunzTarPerm extractEntry out/src/Doc/ClassDoc.js
63 silly gunzTarPerm extractEntry out/src/Doc/ExternalDoc.js
64 silly gunzTarPerm extractEntry out/src/Doc/FileDoc.js
65 silly gunzTarPerm extractEntry out/src/Doc/FunctionDoc.js
66 silly gunzTarPerm extractEntry out/src/Doc/AssignmentDoc.js
67 silly gunzTarPerm extractEntry out/src/Doc/MethodDoc.js
68 silly gunzTarPerm extractEntry out/src/Doc/TestDoc.js
69 silly gunzTarPerm extractEntry out/src/Doc/TestFileDoc.js
70 silly gunzTarPerm extractEntry out/src/Doc/TypedefDoc.js
71 silly gunzTarPerm extractEntry out/src/Doc/VariableDoc.js
72 silly gunzTarPerm extractEntry out/src/Doc/MemberDoc.js
73 silly gunzTarPerm extractEntry out/src/Factory/DocFactory.js
74 silly gunzTarPerm extractEntry out/src/Factory/TestDocFactory.js
75 silly gunzTarPerm extractEntry out/src/Parser/CommentParser.js
76 silly gunzTarPerm extractEntry out/src/Parser/ESParser.js
77 silly gunzTarPerm extractEntry out/src/Parser/ParamParser.js
78 silly gunzTarPerm extractEntry out/src/Plugin/Plugin.js
79 silly gunzTarPerm extractEntry out/src/Publisher/publish.js
80 silly gunzTarPerm extractEntry out/src/Publisher/Builder/ASTDocBuilder.js
81 silly gunzTarPerm extractEntry out/src/Publisher/Builder/FileDocBuilder.js
82 silly gunzTarPerm extractEntry out/src/Publisher/Builder/IdentifiersDocBuilder.js
83 silly gunzTarPerm extractEntry out/src/Publisher/Builder/IndexDocBuilder.js
84 silly gunzTarPerm extractEntry out/src/Publisher/Builder/DocResolver.js
85 silly gunzTarPerm extractEntry out/src/Publisher/Builder/ClassDocBuilder.js
86 silly gunzTarPerm extractEntry out/src/Publisher/Builder/SearchIndexBuilder.js
87 silly gunzTarPerm extractEntry out/src/Publisher/Builder/SingleDocBuilder.js
88 silly gunzTarPerm extractEntry out/src/Publisher/Builder/SourceDocBuilder.js
89 silly gunzTarPerm extractEntry out/src/Publisher/Builder/StaticFileBuilder.js
90 silly gunzTarPerm extractEntry out/src/Publisher/Builder/DocBuilder.js
91 silly gunzTarPerm extractEntry out/src/Publisher/Builder/TestDocBuilder.js
92 silly gunzTarPerm extractEntry out/src/Publisher/Builder/CoverageBuilder.js
93 silly gunzTarPerm extractEntry out/src/Publisher/Builder/TestFileDocBuilder.js
94 silly gunzTarPerm extractEntry out/src/Publisher/Builder/LintDocBuilder.js
95 silly gunzTarPerm extractEntry out/src/Publisher/Builder/util.js
96 silly gunzTarPerm extractEntry out/src/Publisher/Builder/ManualDocBuilder.js
97 silly gunzTarPerm extractEntry out/src/Publisher/Builder/template/manualIndex.html
98 silly gunzTarPerm extractEntry out/src/Publisher/Builder/template/class.html
99 silly gunzTarPerm extractEntry out/src/Publisher/Builder/template/details.html
100 silly gunzTarPerm extractEntry out/src/Publisher/Builder/template/file.html
101 silly gunzTarPerm extractEntry out/src/Publisher/Builder/template/identifiers.html
102 silly gunzTarPerm extractEntry out/src/Publisher/Builder/template/image/badge.svg
103 silly gunzTarPerm extractEntry out/src/Publisher/Builder/template/image/github.png
104 silly gunzTarPerm extractEntry out/src/Publisher/Builder/template/image/search.png
105 silly gunzTarPerm extractEntry out/src/Publisher/Builder/template/index.html
106 silly gunzTarPerm extractEntry out/src/Publisher/Builder/template/layout.html
107 silly gunzTarPerm extractEntry out/src/Publisher/Builder/template/manual.html
108 silly gunzTarPerm extractEntry out/src/Publisher/Builder/template/css/prettify-tomorrow.css
109 silly gunzTarPerm extractEntry out/src/Publisher/Builder/template/css/style.css
110 silly gunzTarPerm extractEntry out/src/Publisher/Builder/template/manualNav.html
111 silly gunzTarPerm extractEntry out/src/Publisher/Builder/template/nav.html
112 silly gunzTarPerm extractEntry out/src/Publisher/Builder/template/properties.html
113 silly gunzTarPerm extractEntry out/src/Publisher/Builder/template/script/inherited-summary.js
114 silly gunzTarPerm extractEntry out/src/Publisher/Builder/template/script/inner-link.js
115 silly gunzTarPerm extractEntry out/src/Publisher/Builder/template/script/manual.js
116 silly gunzTarPerm extractEntry out/src/Publisher/Builder/template/script/patch-for-local.js
117 silly gunzTarPerm extractEntry out/src/Publisher/Builder/template/script/pretty-print.js
118 silly gunzTarPerm extractEntry out/src/Publisher/Builder/template/script/search.js
119 silly gunzTarPerm extractEntry out/src/Publisher/Builder/template/script/test-summary.js
120 silly gunzTarPerm extractEntry out/src/Publisher/Builder/template/script/prettify/prettify.js
121 silly gunzTarPerm extractEntry out/src/Publisher/Builder/template/script/prettify/Apache-License-2.0.txt
122 silly gunzTarPerm extractEntry out/src/Publisher/Builder/template/single.html
123 silly gunzTarPerm extractEntry out/src/Publisher/Builder/template/source.html
124 silly gunzTarPerm extractEntry out/src/Publisher/Builder/template/summary.html
125 silly gunzTarPerm extractEntry out/src/Publisher/Builder/template/test.html
126 silly gunzTarPerm extractEntry out/src/Publisher/Builder/template/testDescribe.html
127 silly gunzTarPerm extractEntry out/src/Typedef/typedef.js
128 silly gunzTarPerm extractEntry out/src/Util/ASTNodeContainer.js
129 silly gunzTarPerm extractEntry out/src/Util/ASTUtil.js
130 silly gunzTarPerm extractEntry out/src/Util/InvalidCodeLogger.js
131 silly gunzTarPerm extractEntry out/src/Util/NPMUtil.js
132 silly gunzTarPerm extractEntry out/src/Util/NamingUtil.js
133 silly gunzTarPerm extractEntry out/src/Util/PathResolver.js
134 verbose write writing to /usr/local/lib/node_modules/esdoc/package.json
135 info preinstall esdoc@0.4.7
136 verbose readDependencies loading dependencies from /usr/local/lib/node_modules/esdoc/package.json
137 silly prepareForInstallMany adding cheerio@0.19.0 from esdoc dependencies
138 silly prepareForInstallMany adding color-logger@0.0.3 from esdoc dependencies
139 silly prepareForInstallMany adding core-js@0.9.18 from esdoc dependencies
140 silly prepareForInstallMany adding escape-html@1.0.2 from esdoc dependencies
141 silly prepareForInstallMany adding escodegen@1.7.0 from esdoc dependencies
142 silly prepareForInstallMany adding espree@2.2.0 from esdoc dependencies
143 silly prepareForInstallMany adding estraverse@4.1.0 from esdoc dependencies
144 silly prepareForInstallMany adding fs-extra@0.26.5 from esdoc dependencies
145 silly prepareForInstallMany adding ice-cap@0.0.4 from esdoc dependencies
146 silly prepareForInstallMany adding marked@0.3.5 from esdoc dependencies
147 silly prepareForInstallMany adding minimist@1.1.1 from esdoc dependencies
148 silly prepareForInstallMany adding taffydb@2.7.2 from esdoc dependencies
149 verbose readDependencies loading dependencies from /usr/local/lib/node_modules/esdoc/package.json
150 silly cache add args [ 'color-logger@0.0.3', null ]
151 verbose cache add spec color-logger@0.0.3
152 silly cache add parsed spec Result {
152 silly cache add   raw: 'color-logger@0.0.3',
152 silly cache add   scope: null,
152 silly cache add   name: 'color-logger',
152 silly cache add   rawSpec: '0.0.3',
152 silly cache add   spec: '0.0.3',
152 silly cache add   type: 'version' }
153 silly addNamed color-logger@0.0.3
154 verbose addNamed "0.0.3" is a plain semver version for color-logger
155 silly mapToRegistry name color-logger
156 silly mapToRegistry using default registry
157 silly mapToRegistry registry https://registry.npmjs.org/
158 silly mapToRegistry uri https://registry.npmjs.org/color-logger
159 verbose addNameVersion registry:https://registry.npmjs.org/color-logger not in flight; fetching
160 silly cache add args [ 'core-js@0.9.18', null ]
161 verbose cache add spec core-js@0.9.18
162 silly cache add parsed spec Result {
162 silly cache add   raw: 'core-js@0.9.18',
162 silly cache add   scope: null,
162 silly cache add   name: 'core-js',
162 silly cache add   rawSpec: '0.9.18',
162 silly cache add   spec: '0.9.18',
162 silly cache add   type: 'version' }
163 silly addNamed core-js@0.9.18
164 verbose addNamed "0.9.18" is a plain semver version for core-js
165 silly mapToRegistry name core-js
166 silly mapToRegistry using default registry
167 silly mapToRegistry registry https://registry.npmjs.org/
168 silly mapToRegistry uri https://registry.npmjs.org/core-js
169 verbose addNameVersion registry:https://registry.npmjs.org/core-js not in flight; fetching
170 silly cache add args [ 'escape-html@1.0.2', null ]
171 verbose cache add spec escape-html@1.0.2
172 silly cache add parsed spec Result {
172 silly cache add   raw: 'escape-html@1.0.2',
172 silly cache add   scope: null,
172 silly cache add   name: 'escape-html',
172 silly cache add   rawSpec: '1.0.2',
172 silly cache add   spec: '1.0.2',
172 silly cache add   type: 'version' }
173 silly addNamed escape-html@1.0.2
174 verbose addNamed "1.0.2" is a plain semver version for escape-html
175 silly mapToRegistry name escape-html
176 silly mapToRegistry using default registry
177 silly mapToRegistry registry https://registry.npmjs.org/
178 silly mapToRegistry uri https://registry.npmjs.org/escape-html
179 verbose addNameVersion registry:https://registry.npmjs.org/escape-html not in flight; fetching
180 silly cache add args [ 'escodegen@1.7.0', null ]
181 verbose cache add spec escodegen@1.7.0
182 silly cache add parsed spec Result {
182 silly cache add   raw: 'escodegen@1.7.0',
182 silly cache add   scope: null,
182 silly cache add   name: 'escodegen',
182 silly cache add   rawSpec: '1.7.0',
182 silly cache add   spec: '1.7.0',
182 silly cache add   type: 'version' }
183 silly addNamed escodegen@1.7.0
184 verbose addNamed "1.7.0" is a plain semver version for escodegen
185 silly mapToRegistry name escodegen
186 silly mapToRegistry using default registry
187 silly mapToRegistry registry https://registry.npmjs.org/
188 silly mapToRegistry uri https://registry.npmjs.org/escodegen
189 verbose addNameVersion registry:https://registry.npmjs.org/escodegen not in flight; fetching
190 silly cache add args [ 'espree@2.2.0', null ]
191 verbose cache add spec espree@2.2.0
192 silly cache add parsed spec Result {
192 silly cache add   raw: 'espree@2.2.0',
192 silly cache add   scope: null,
192 silly cache add   name: 'espree',
192 silly cache add   rawSpec: '2.2.0',
192 silly cache add   spec: '2.2.0',
192 silly cache add   type: 'version' }
193 silly addNamed espree@2.2.0
194 verbose addNamed "2.2.0" is a plain semver version for espree
195 silly mapToRegistry name espree
196 silly mapToRegistry using default registry
197 silly mapToRegistry registry https://registry.npmjs.org/
198 silly mapToRegistry uri https://registry.npmjs.org/espree
199 verbose addNameVersion registry:https://registry.npmjs.org/espree not in flight; fetching
200 silly cache add args [ 'estraverse@4.1.0', null ]
201 verbose cache add spec estraverse@4.1.0
202 silly cache add parsed spec Result {
202 silly cache add   raw: 'estraverse@4.1.0',
202 silly cache add   scope: null,
202 silly cache add   name: 'estraverse',
202 silly cache add   rawSpec: '4.1.0',
202 silly cache add   spec: '4.1.0',
202 silly cache add   type: 'version' }
203 silly addNamed estraverse@4.1.0
204 verbose addNamed "4.1.0" is a plain semver version for estraverse
205 silly mapToRegistry name estraverse
206 silly mapToRegistry using default registry
207 silly mapToRegistry registry https://registry.npmjs.org/
208 silly mapToRegistry uri https://registry.npmjs.org/estraverse
209 verbose addNameVersion registry:https://registry.npmjs.org/estraverse not in flight; fetching
210 silly cache add args [ 'fs-extra@0.26.5', null ]
211 verbose cache add spec fs-extra@0.26.5
212 silly cache add parsed spec Result {
212 silly cache add   raw: 'fs-extra@0.26.5',
212 silly cache add   scope: null,
212 silly cache add   name: 'fs-extra',
212 silly cache add   rawSpec: '0.26.5',
212 silly cache add   spec: '0.26.5',
212 silly cache add   type: 'version' }
213 silly addNamed fs-extra@0.26.5
214 verbose addNamed "0.26.5" is a plain semver version for fs-extra
215 silly mapToRegistry name fs-extra
216 silly mapToRegistry using default registry
217 silly mapToRegistry registry https://registry.npmjs.org/
218 silly mapToRegistry uri https://registry.npmjs.org/fs-extra
219 verbose addNameVersion registry:https://registry.npmjs.org/fs-extra not in flight; fetching
220 silly cache add args [ 'ice-cap@0.0.4', null ]
221 verbose cache add spec ice-cap@0.0.4
222 silly cache add parsed spec Result {
222 silly cache add   raw: 'ice-cap@0.0.4',
222 silly cache add   scope: null,
222 silly cache add   name: 'ice-cap',
222 silly cache add   rawSpec: '0.0.4',
222 silly cache add   spec: '0.0.4',
222 silly cache add   type: 'version' }
223 silly addNamed ice-cap@0.0.4
224 verbose addNamed "0.0.4" is a plain semver version for ice-cap
225 silly mapToRegistry name ice-cap
226 silly mapToRegistry using default registry
227 silly mapToRegistry registry https://registry.npmjs.org/
228 silly mapToRegistry uri https://registry.npmjs.org/ice-cap
229 verbose addNameVersion registry:https://registry.npmjs.org/ice-cap not in flight; fetching
230 silly cache add args [ 'marked@0.3.5', null ]
231 verbose cache add spec marked@0.3.5
232 silly cache add parsed spec Result {
232 silly cache add   raw: 'marked@0.3.5',
232 silly cache add   scope: null,
232 silly cache add   name: 'marked',
232 silly cache add   rawSpec: '0.3.5',
232 silly cache add   spec: '0.3.5',
232 silly cache add   type: 'version' }
233 silly addNamed marked@0.3.5
234 verbose addNamed "0.3.5" is a plain semver version for marked
235 silly mapToRegistry name marked
236 silly mapToRegistry using default registry
237 silly mapToRegistry registry https://registry.npmjs.org/
238 silly mapToRegistry uri https://registry.npmjs.org/marked
239 verbose addNameVersion registry:https://registry.npmjs.org/marked not in flight; fetching
240 silly cache add args [ 'minimist@1.1.1', null ]
241 verbose cache add spec minimist@1.1.1
242 silly cache add parsed spec Result {
242 silly cache add   raw: 'minimist@1.1.1',
242 silly cache add   scope: null,
242 silly cache add   name: 'minimist',
242 silly cache add   rawSpec: '1.1.1',
242 silly cache add   spec: '1.1.1',
242 silly cache add   type: 'version' }
243 silly addNamed minimist@1.1.1
244 verbose addNamed "1.1.1" is a plain semver version for minimist
245 silly mapToRegistry name minimist
246 silly mapToRegistry using default registry
247 silly mapToRegistry registry https://registry.npmjs.org/
248 silly mapToRegistry uri https://registry.npmjs.org/minimist
249 verbose addNameVersion registry:https://registry.npmjs.org/minimist not in flight; fetching
250 silly cache add args [ 'taffydb@2.7.2', null ]
251 verbose cache add spec taffydb@2.7.2
252 silly cache add parsed spec Result {
252 silly cache add   raw: 'taffydb@2.7.2',
252 silly cache add   scope: null,
252 silly cache add   name: 'taffydb',
252 silly cache add   rawSpec: '2.7.2',
252 silly cache add   spec: '2.7.2',
252 silly cache add   type: 'version' }
253 silly addNamed taffydb@2.7.2
254 verbose addNamed "2.7.2" is a plain semver version for taffydb
255 silly mapToRegistry name taffydb
256 silly mapToRegistry using default registry
257 silly mapToRegistry registry https://registry.npmjs.org/
258 silly mapToRegistry uri https://registry.npmjs.org/taffydb
259 verbose addNameVersion registry:https://registry.npmjs.org/taffydb not in flight; fetching
260 silly cache add args [ 'cheerio@0.19.0', null ]
261 verbose cache add spec cheerio@0.19.0
262 silly cache add parsed spec Result {
262 silly cache add   raw: 'cheerio@0.19.0',
262 silly cache add   scope: null,
262 silly cache add   name: 'cheerio',
262 silly cache add   rawSpec: '0.19.0',
262 silly cache add   spec: '0.19.0',
262 silly cache add   type: 'version' }
263 silly addNamed cheerio@0.19.0
264 verbose addNamed "0.19.0" is a plain semver version for cheerio
265 silly mapToRegistry name cheerio
266 silly mapToRegistry using default registry
267 silly mapToRegistry registry https://registry.npmjs.org/
268 silly mapToRegistry uri https://registry.npmjs.org/cheerio
269 verbose addNameVersion registry:https://registry.npmjs.org/cheerio not in flight; fetching
270 verbose request uri https://registry.npmjs.org/color-logger
271 verbose request no auth needed
272 info attempt registry request try #1 at 21:36:49
273 http request GET https://registry.npmjs.org/color-logger
274 verbose request uri https://registry.npmjs.org/espree
275 verbose request no auth needed
276 info attempt registry request try #1 at 21:36:49
277 http request GET https://registry.npmjs.org/espree
278 verbose request uri https://registry.npmjs.org/ice-cap
279 verbose request no auth needed
280 info attempt registry request try #1 at 21:36:49
281 http request GET https://registry.npmjs.org/ice-cap
282 verbose request uri https://registry.npmjs.org/taffydb
283 verbose request no auth needed
284 info attempt registry request try #1 at 21:36:49
285 http request GET https://registry.npmjs.org/taffydb
286 verbose request uri https://registry.npmjs.org/escape-html
287 verbose request no auth needed
288 info attempt registry request try #1 at 21:36:50
289 verbose etag "AXXOZW7XY709G0AKO9BG4FJ49"
290 http request GET https://registry.npmjs.org/escape-html
291 verbose request uri https://registry.npmjs.org/estraverse
292 verbose request no auth needed
293 info attempt registry request try #1 at 21:36:50
294 verbose etag "8OF59BMLW1TP5BLZ6JJLKA5YS"
295 http request GET https://registry.npmjs.org/estraverse
296 verbose request uri https://registry.npmjs.org/escodegen
297 verbose request no auth needed
298 info attempt registry request try #1 at 21:36:50
299 verbose etag "79X130Z7PTDXDBPFLBEWUYVKH"
300 http request GET https://registry.npmjs.org/escodegen
301 verbose request uri https://registry.npmjs.org/core-js
302 verbose request no auth needed
303 info attempt registry request try #1 at 21:36:50
304 verbose etag "BFROZMAUHA3864ARNFLR8PS7I"
305 http request GET https://registry.npmjs.org/core-js
306 verbose request uri https://registry.npmjs.org/fs-extra
307 verbose request no auth needed
308 info attempt registry request try #1 at 21:36:50
309 verbose etag "CX8LWF3IKCT3RBYJBIGT24EMN"
310 http request GET https://registry.npmjs.org/fs-extra
311 verbose request uri https://registry.npmjs.org/minimist
312 verbose request no auth needed
313 info attempt registry request try #1 at 21:36:50
314 verbose etag "EXJ5SM6CO0WKYV029Z4AKLKNM"
315 http request GET https://registry.npmjs.org/minimist
316 verbose request uri https://registry.npmjs.org/marked
317 verbose request no auth needed
318 info attempt registry request try #1 at 21:36:50
319 verbose etag "B7H9TY6FW8WW00PPD6I6HNMC9"
320 http request GET https://registry.npmjs.org/marked
321 verbose request uri https://registry.npmjs.org/cheerio
322 verbose request no auth needed
323 info attempt registry request try #1 at 21:36:50
324 verbose etag "A922Z8QJPI24ZDPHSAW6NN08Y"
325 http request GET https://registry.npmjs.org/cheerio
326 http 200 https://registry.npmjs.org/escodegen
327 verbose headers { server: 'CouchDB/1.5.0 (Erlang OTP/R16B03)',
327 verbose headers   etag: '"ALBJ2KS4T4H2XNVKLOIS7BNB6"',
327 verbose headers   'content-type': 'application/json',
327 verbose headers   'content-encoding': 'gzip',
327 verbose headers   'cache-control': 'max-age=300',
327 verbose headers   'content-length': '8607',
327 verbose headers   'accept-ranges': 'bytes',
327 verbose headers   date: 'Fri, 03 Jun 2016 13:36:50 GMT',
327 verbose headers   via: '1.1 varnish',
327 verbose headers   age: '236',
327 verbose headers   connection: 'keep-alive',
327 verbose headers   'x-served-by': 'cache-ams4127-AMS',
327 verbose headers   'x-cache': 'HIT',
327 verbose headers   'x-cache-hits': '4',
327 verbose headers   'x-timer': 'S1464961010.549715,VS0,VE0',
327 verbose headers   vary: 'Accept-Encoding' }
328 silly get cb [ 200,
328 silly get   { server: 'CouchDB/1.5.0 (Erlang OTP/R16B03)',
328 silly get     etag: '"ALBJ2KS4T4H2XNVKLOIS7BNB6"',
328 silly get     'content-type': 'application/json',
328 silly get     'content-encoding': 'gzip',
328 silly get     'cache-control': 'max-age=300',
328 silly get     'content-length': '8607',
328 silly get     'accept-ranges': 'bytes',
328 silly get     date: 'Fri, 03 Jun 2016 13:36:50 GMT',
328 silly get     via: '1.1 varnish',
328 silly get     age: '236',
328 silly get     connection: 'keep-alive',
328 silly get     'x-served-by': 'cache-ams4127-AMS',
328 silly get     'x-cache': 'HIT',
328 silly get     'x-cache-hits': '4',
328 silly get     'x-timer': 'S1464961010.549715,VS0,VE0',
328 silly get     vary: 'Accept-Encoding' } ]
329 verbose get saving escodegen to /Users/huzhongchun/.npm/registry.npmjs.org/escodegen/.cache.json
330 http 200 https://registry.npmjs.org/espree
331 verbose headers { server: 'CouchDB/1.5.0 (Erlang OTP/R16B03)',
331 verbose headers   etag: '"2NBI84JD3W879W8FK9P3DH4PU"',
331 verbose headers   'content-type': 'application/json',
331 verbose headers   'content-encoding': 'gzip',
331 verbose headers   'cache-control': 'max-age=300',
331 verbose headers   'content-length': '12167',
331 verbose headers   'accept-ranges': 'bytes',
331 verbose headers   date: 'Fri, 03 Jun 2016 13:36:50 GMT',
331 verbose headers   via: '1.1 varnish',
331 verbose headers   age: '25',
331 verbose headers   connection: 'keep-alive',
331 verbose headers   'x-served-by': 'cache-ams4147-AMS',
331 verbose headers   'x-cache': 'HIT',
331 verbose headers   'x-cache-hits': '2',
331 verbose headers   'x-timer': 'S1464961010.548194,VS0,VE0',
331 verbose headers   vary: 'Accept-Encoding' }
332 silly get cb [ 200,
332 silly get   { server: 'CouchDB/1.5.0 (Erlang OTP/R16B03)',
332 silly get     etag: '"2NBI84JD3W879W8FK9P3DH4PU"',
332 silly get     'content-type': 'application/json',
332 silly get     'content-encoding': 'gzip',
332 silly get     'cache-control': 'max-age=300',
332 silly get     'content-length': '12167',
332 silly get     'accept-ranges': 'bytes',
332 silly get     date: 'Fri, 03 Jun 2016 13:36:50 GMT',
332 silly get     via: '1.1 varnish',
332 silly get     age: '25',
332 silly get     connection: 'keep-alive',
332 silly get     'x-served-by': 'cache-ams4147-AMS',
332 silly get     'x-cache': 'HIT',
332 silly get     'x-cache-hits': '2',
332 silly get     'x-timer': 'S1464961010.548194,VS0,VE0',
332 silly get     vary: 'Accept-Encoding' } ]
333 verbose get saving espree to /Users/huzhongchun/.npm/registry.npmjs.org/espree/.cache.json
334 silly mapToRegistry name escodegen
335 silly mapToRegistry using default registry
336 silly mapToRegistry registry https://registry.npmjs.org/
337 silly mapToRegistry uri https://registry.npmjs.org/escodegen
338 verbose addRemoteTarball https://registry.npmjs.org/escodegen/-/escodegen-1.7.0.tgz not in flight; adding
339 verbose addRemoteTarball [ 'https://registry.npmjs.org/escodegen/-/escodegen-1.7.0.tgz',
339 verbose addRemoteTarball   '4e299d8cc33087b7f29c19e2b9e84362abe35453' ]
340 info retry fetch attempt 1 at 21:36:50
341 info attempt registry request try #1 at 21:36:50
342 http fetch GET https://registry.npmjs.org/escodegen/-/escodegen-1.7.0.tgz
343 silly mapToRegistry name espree
344 silly mapToRegistry using default registry
345 silly mapToRegistry registry https://registry.npmjs.org/
346 silly mapToRegistry uri https://registry.npmjs.org/espree
347 verbose addRemoteTarball https://registry.npmjs.org/espree/-/espree-2.2.0.tgz not in flight; adding
348 verbose addRemoteTarball [ 'https://registry.npmjs.org/espree/-/espree-2.2.0.tgz',
348 verbose addRemoteTarball   '01dc927a7ea5081d1a7b6d610249e624e7fef3d6' ]
349 info retry fetch attempt 1 at 21:36:50
350 info attempt registry request try #1 at 21:36:50
351 http fetch GET https://registry.npmjs.org/espree/-/espree-2.2.0.tgz
352 http 200 https://registry.npmjs.org/color-logger
353 verbose headers { server: 'CouchDB/1.5.0 (Erlang OTP/R16B03)',
353 verbose headers   etag: '"3TO35MCHH8N3U8RD5KSU6JYQK"',
353 verbose headers   'content-type': 'application/json',
353 verbose headers   'content-encoding': 'gzip',
353 verbose headers   'cache-control': 'max-age=300',
353 verbose headers   'content-length': '2096',
353 verbose headers   'accept-ranges': 'bytes',
353 verbose headers   date: 'Fri, 03 Jun 2016 13:36:50 GMT',
353 verbose headers   via: '1.1 varnish',
353 verbose headers   age: '146',
353 verbose headers   connection: 'keep-alive',
353 verbose headers   'x-served-by': 'cache-ams4135-AMS',
353 verbose headers   'x-cache': 'HIT',
353 verbose headers   'x-cache-hits': '1',
353 verbose headers   'x-timer': 'S1464961010.674326,VS0,VE0',
353 verbose headers   vary: 'Accept-Encoding' }
354 silly get cb [ 200,
354 silly get   { server: 'CouchDB/1.5.0 (Erlang OTP/R16B03)',
354 silly get     etag: '"3TO35MCHH8N3U8RD5KSU6JYQK"',
354 silly get     'content-type': 'application/json',
354 silly get     'content-encoding': 'gzip',
354 silly get     'cache-control': 'max-age=300',
354 silly get     'content-length': '2096',
354 silly get     'accept-ranges': 'bytes',
354 silly get     date: 'Fri, 03 Jun 2016 13:36:50 GMT',
354 silly get     via: '1.1 varnish',
354 silly get     age: '146',
354 silly get     connection: 'keep-alive',
354 silly get     'x-served-by': 'cache-ams4135-AMS',
354 silly get     'x-cache': 'HIT',
354 silly get     'x-cache-hits': '1',
354 silly get     'x-timer': 'S1464961010.674326,VS0,VE0',
354 silly get     vary: 'Accept-Encoding' } ]
355 verbose get saving color-logger to /Users/huzhongchun/.npm/registry.npmjs.org/color-logger/.cache.json
356 silly mapToRegistry name color-logger
357 silly mapToRegistry using default registry
358 silly mapToRegistry registry https://registry.npmjs.org/
359 silly mapToRegistry uri https://registry.npmjs.org/color-logger
360 verbose addRemoteTarball https://registry.npmjs.org/color-logger/-/color-logger-0.0.3.tgz not in flight; adding
361 verbose addRemoteTarball [ 'https://registry.npmjs.org/color-logger/-/color-logger-0.0.3.tgz',
361 verbose addRemoteTarball   'd9b22dd1d973e166b18bf313f9f481bba4df2018' ]
362 info retry fetch attempt 1 at 21:36:51
363 info attempt registry request try #1 at 21:36:51
364 http fetch GET https://registry.npmjs.org/color-logger/-/color-logger-0.0.3.tgz
365 http 200 https://registry.npmjs.org/fs-extra
366 verbose headers { server: 'CouchDB/1.5.0 (Erlang OTP/R16B03)',
366 verbose headers   etag: '"4WKG5MZ8WEWNHBEFUURH2G1MP"',
366 verbose headers   'content-type': 'application/json',
366 verbose headers   'content-encoding': 'gzip',
366 verbose headers   'cache-control': 'max-age=300',
366 verbose headers   'content-length': '17853',
366 verbose headers   'accept-ranges': 'bytes',
366 verbose headers   date: 'Fri, 03 Jun 2016 13:36:50 GMT',
366 verbose headers   via: '1.1 varnish',
366 verbose headers   age: '190',
366 verbose headers   connection: 'keep-alive',
366 verbose headers   'x-served-by': 'cache-ams4141-AMS',
366 verbose headers   'x-cache': 'HIT',
366 verbose headers   'x-cache-hits': '4',
366 verbose headers   'x-timer': 'S1464961010.547474,VS0,VE0',
366 verbose headers   vary: 'Accept-Encoding' }
367 silly get cb [ 200,
367 silly get   { server: 'CouchDB/1.5.0 (Erlang OTP/R16B03)',
367 silly get     etag: '"4WKG5MZ8WEWNHBEFUURH2G1MP"',
367 silly get     'content-type': 'application/json',
367 silly get     'content-encoding': 'gzip',
367 silly get     'cache-control': 'max-age=300',
367 silly get     'content-length': '17853',
367 silly get     'accept-ranges': 'bytes',
367 silly get     date: 'Fri, 03 Jun 2016 13:36:50 GMT',
367 silly get     via: '1.1 varnish',
367 silly get     age: '190',
367 silly get     connection: 'keep-alive',
367 silly get     'x-served-by': 'cache-ams4141-AMS',
367 silly get     'x-cache': 'HIT',
367 silly get     'x-cache-hits': '4',
367 silly get     'x-timer': 'S1464961010.547474,VS0,VE0',
367 silly get     vary: 'Accept-Encoding' } ]
368 verbose get saving fs-extra to /Users/huzhongchun/.npm/registry.npmjs.org/fs-extra/.cache.json
369 silly mapToRegistry name fs-extra
370 silly mapToRegistry using default registry
371 silly mapToRegistry registry https://registry.npmjs.org/
372 silly mapToRegistry uri https://registry.npmjs.org/fs-extra
373 verbose addRemoteTarball https://registry.npmjs.org/fs-extra/-/fs-extra-0.26.5.tgz not in flight; adding
374 verbose addRemoteTarball [ 'https://registry.npmjs.org/fs-extra/-/fs-extra-0.26.5.tgz',
374 verbose addRemoteTarball   '53ac74667ca083fd2dc1712c813039ca32d69a7f' ]
375 info retry fetch attempt 1 at 21:36:51
376 info attempt registry request try #1 at 21:36:51
377 http fetch GET https://registry.npmjs.org/fs-extra/-/fs-extra-0.26.5.tgz
378 http 200 https://registry.npmjs.org/escape-html
379 verbose headers { server: 'CouchDB/1.5.0 (Erlang OTP/R16B03)',
379 verbose headers   etag: '"1YNNTHWE6AK1WREIMH2EU3K9H"',
379 verbose headers   'content-type': 'application/json',
379 verbose headers   'content-encoding': 'gzip',
379 verbose headers   'cache-control': 'max-age=300',
379 verbose headers   'content-length': '1692',
379 verbose headers   'accept-ranges': 'bytes',
379 verbose headers   date: 'Fri, 03 Jun 2016 13:36:50 GMT',
379 verbose headers   via: '1.1 varnish',
379 verbose headers   age: '214',
379 verbose headers   connection: 'keep-alive',
379 verbose headers   'x-served-by': 'cache-ams4138-AMS',
379 verbose headers   'x-cache': 'HIT',
379 verbose headers   'x-cache-hits': '6',
379 verbose headers   'x-timer': 'S1464961010.754556,VS0,VE0',
379 verbose headers   vary: 'Accept-Encoding' }
380 silly get cb [ 200,
380 silly get   { server: 'CouchDB/1.5.0 (Erlang OTP/R16B03)',
380 silly get     etag: '"1YNNTHWE6AK1WREIMH2EU3K9H"',
380 silly get     'content-type': 'application/json',
380 silly get     'content-encoding': 'gzip',
380 silly get     'cache-control': 'max-age=300',
380 silly get     'content-length': '1692',
380 silly get     'accept-ranges': 'bytes',
380 silly get     date: 'Fri, 03 Jun 2016 13:36:50 GMT',
380 silly get     via: '1.1 varnish',
380 silly get     age: '214',
380 silly get     connection: 'keep-alive',
380 silly get     'x-served-by': 'cache-ams4138-AMS',
380 silly get     'x-cache': 'HIT',
380 silly get     'x-cache-hits': '6',
380 silly get     'x-timer': 'S1464961010.754556,VS0,VE0',
380 silly get     vary: 'Accept-Encoding' } ]
381 verbose get saving escape-html to /Users/huzhongchun/.npm/registry.npmjs.org/escape-html/.cache.json
382 silly mapToRegistry name escape-html
383 silly mapToRegistry using default registry
384 silly mapToRegistry registry https://registry.npmjs.org/
385 silly mapToRegistry uri https://registry.npmjs.org/escape-html
386 verbose addRemoteTarball https://registry.npmjs.org/escape-html/-/escape-html-1.0.2.tgz not in flight; adding
387 verbose addRemoteTarball [ 'https://registry.npmjs.org/escape-html/-/escape-html-1.0.2.tgz',
387 verbose addRemoteTarball   'd77d32fa98e38c2f41ae85e9278e0e0e6ba1022c' ]
388 info retry fetch attempt 1 at 21:36:51
389 info attempt registry request try #1 at 21:36:51
390 http fetch GET https://registry.npmjs.org/escape-html/-/escape-html-1.0.2.tgz
391 http 200 https://registry.npmjs.org/marked
392 verbose headers { server: 'CouchDB/1.5.0 (Erlang OTP/R16B03)',
392 verbose headers   etag: '"293EOLNVKOVM7XKH7O3H3WSK5"',
392 verbose headers   'content-type': 'application/json',
392 verbose headers   'content-encoding': 'gzip',
392 verbose headers   'cache-control': 'max-age=300',
392 verbose headers   'content-length': '9453',
392 verbose headers   'accept-ranges': 'bytes',
392 verbose headers   date: 'Fri, 03 Jun 2016 13:36:50 GMT',
392 verbose headers   via: '1.1 varnish',
392 verbose headers   age: '222',
392 verbose headers   connection: 'keep-alive',
392 verbose headers   'x-served-by': 'cache-ams4127-AMS',
392 verbose headers   'x-cache': 'HIT',
392 verbose headers   'x-cache-hits': '5',
392 verbose headers   'x-timer': 'S1464961010.768509,VS0,VE0',
392 verbose headers   vary: 'Accept-Encoding' }
393 silly get cb [ 200,
393 silly get   { server: 'CouchDB/1.5.0 (Erlang OTP/R16B03)',
393 silly get     etag: '"293EOLNVKOVM7XKH7O3H3WSK5"',
393 silly get     'content-type': 'application/json',
393 silly get     'content-encoding': 'gzip',
393 silly get     'cache-control': 'max-age=300',
393 silly get     'content-length': '9453',
393 silly get     'accept-ranges': 'bytes',
393 silly get     date: 'Fri, 03 Jun 2016 13:36:50 GMT',
393 silly get     via: '1.1 varnish',
393 silly get     age: '222',
393 silly get     connection: 'keep-alive',
393 silly get     'x-served-by': 'cache-ams4127-AMS',
393 silly get     'x-cache': 'HIT',
393 silly get     'x-cache-hits': '5',
393 silly get     'x-timer': 'S1464961010.768509,VS0,VE0',
393 silly get     vary: 'Accept-Encoding' } ]
394 verbose get saving marked to /Users/huzhongchun/.npm/registry.npmjs.org/marked/.cache.json
395 silly mapToRegistry name marked
396 silly mapToRegistry using default registry
397 silly mapToRegistry registry https://registry.npmjs.org/
398 silly mapToRegistry uri https://registry.npmjs.org/marked
399 verbose addRemoteTarball https://registry.npmjs.org/marked/-/marked-0.3.5.tgz not in flight; adding
400 verbose addRemoteTarball [ 'https://registry.npmjs.org/marked/-/marked-0.3.5.tgz',
400 verbose addRemoteTarball   '4113a15ac5d7bca158a5aae07224587b9fa15b94' ]
401 info retry fetch attempt 1 at 21:36:51
402 info attempt registry request try #1 at 21:36:51
403 http fetch GET https://registry.npmjs.org/marked/-/marked-0.3.5.tgz
404 http 200 https://registry.npmjs.org/core-js
405 verbose headers { server: 'CouchDB/1.5.0 (Erlang OTP/R16B03)',
405 verbose headers   etag: '"5H5OOSVDG2JCK6V39PAOSXGZG"',
405 verbose headers   'content-type': 'application/json',
405 verbose headers   'content-encoding': 'gzip',
405 verbose headers   'cache-control': 'max-age=300',
405 verbose headers   'content-length': '32585',
405 verbose headers   'accept-ranges': 'bytes',
405 verbose headers   date: 'Fri, 03 Jun 2016 13:36:50 GMT',
405 verbose headers   via: '1.1 varnish',
405 verbose headers   age: '184',
405 verbose headers   connection: 'keep-alive',
405 verbose headers   'x-served-by': 'cache-ams4140-AMS',
405 verbose headers   'x-cache': 'HIT',
405 verbose headers   'x-cache-hits': '5',
405 verbose headers   'x-timer': 'S1464961010.767744,VS0,VE0',
405 verbose headers   vary: 'Accept-Encoding' }
406 silly get cb [ 200,
406 silly get   { server: 'CouchDB/1.5.0 (Erlang OTP/R16B03)',
406 silly get     etag: '"5H5OOSVDG2JCK6V39PAOSXGZG"',
406 silly get     'content-type': 'application/json',
406 silly get     'content-encoding': 'gzip',
406 silly get     'cache-control': 'max-age=300',
406 silly get     'content-length': '32585',
406 silly get     'accept-ranges': 'bytes',
406 silly get     date: 'Fri, 03 Jun 2016 13:36:50 GMT',
406 silly get     via: '1.1 varnish',
406 silly get     age: '184',
406 silly get     connection: 'keep-alive',
406 silly get     'x-served-by': 'cache-ams4140-AMS',
406 silly get     'x-cache': 'HIT',
406 silly get     'x-cache-hits': '5',
406 silly get     'x-timer': 'S1464961010.767744,VS0,VE0',
406 silly get     vary: 'Accept-Encoding' } ]
407 verbose get saving core-js to /Users/huzhongchun/.npm/registry.npmjs.org/core-js/.cache.json
408 silly mapToRegistry name core-js
409 silly mapToRegistry using default registry
410 silly mapToRegistry registry https://registry.npmjs.org/
411 silly mapToRegistry uri https://registry.npmjs.org/core-js
412 verbose addRemoteTarball https://registry.npmjs.org/core-js/-/core-js-0.9.18.tgz not in flight; adding
413 verbose addRemoteTarball [ 'https://registry.npmjs.org/core-js/-/core-js-0.9.18.tgz',
413 verbose addRemoteTarball   '13f458e430232b0f4ec1f480da7c2f5288e9d095' ]
414 info retry fetch attempt 1 at 21:36:51
415 info attempt registry request try #1 at 21:36:51
416 http fetch GET https://registry.npmjs.org/core-js/-/core-js-0.9.18.tgz
417 http fetch 200 https://registry.npmjs.org/escodegen/-/escodegen-1.7.0.tgz
418 http fetch 200 https://registry.npmjs.org/color-logger/-/color-logger-0.0.3.tgz
419 http fetch 200 https://registry.npmjs.org/marked/-/marked-0.3.5.tgz
420 http fetch 200 https://registry.npmjs.org/escape-html/-/escape-html-1.0.2.tgz
421 http fetch 200 https://registry.npmjs.org/fs-extra/-/fs-extra-0.26.5.tgz
422 silly fetchAndShaCheck shasum d77d32fa98e38c2f41ae85e9278e0e0e6ba1022c
423 silly fetchAndShaCheck shasum d9b22dd1d973e166b18bf313f9f481bba4df2018
424 verbose addTmpTarball /tmp/npm-59746-f4dfcd9a/registry.npmjs.org/color-logger/-/color-logger-0.0.3.tgz not in flight; adding
425 verbose addTmpTarball already have metadata; skipping unpack for color-logger@0.0.3
426 verbose addTmpTarball /tmp/npm-59746-f4dfcd9a/registry.npmjs.org/escape-html/-/escape-html-1.0.2.tgz not in flight; adding
427 verbose addTmpTarball already have metadata; skipping unpack for escape-html@1.0.2
428 silly cache afterAdd escape-html@1.0.2
429 verbose afterAdd /Users/huzhongchun/.npm/escape-html/1.0.2/package/package.json not in flight; writing
430 silly cache afterAdd color-logger@0.0.3
431 verbose afterAdd /Users/huzhongchun/.npm/color-logger/0.0.3/package/package.json not in flight; writing
432 verbose afterAdd /Users/huzhongchun/.npm/escape-html/1.0.2/package/package.json written
433 verbose afterAdd /Users/huzhongchun/.npm/color-logger/0.0.3/package/package.json written
434 silly fetchAndShaCheck shasum 4e299d8cc33087b7f29c19e2b9e84362abe35453
435 verbose addTmpTarball /tmp/npm-59746-f4dfcd9a/registry.npmjs.org/escodegen/-/escodegen-1.7.0.tgz not in flight; adding
436 verbose addTmpTarball already have metadata; skipping unpack for escodegen@1.7.0
437 silly cache afterAdd escodegen@1.7.0
438 verbose afterAdd /Users/huzhongchun/.npm/escodegen/1.7.0/package/package.json not in flight; writing
439 verbose afterAdd /Users/huzhongchun/.npm/escodegen/1.7.0/package/package.json written
440 http fetch 200 https://registry.npmjs.org/core-js/-/core-js-0.9.18.tgz
441 silly fetchAndShaCheck shasum 4113a15ac5d7bca158a5aae07224587b9fa15b94
442 verbose addTmpTarball /tmp/npm-59746-f4dfcd9a/registry.npmjs.org/marked/-/marked-0.3.5.tgz not in flight; adding
443 verbose addTmpTarball already have metadata; skipping unpack for marked@0.3.5
444 silly cache afterAdd marked@0.3.5
445 verbose afterAdd /Users/huzhongchun/.npm/marked/0.3.5/package/package.json not in flight; writing
446 verbose afterAdd /Users/huzhongchun/.npm/marked/0.3.5/package/package.json written
447 silly fetchAndShaCheck shasum 53ac74667ca083fd2dc1712c813039ca32d69a7f
448 verbose addTmpTarball /tmp/npm-59746-f4dfcd9a/registry.npmjs.org/fs-extra/-/fs-extra-0.26.5.tgz not in flight; adding
449 verbose addTmpTarball already have metadata; skipping unpack for fs-extra@0.26.5
450 silly cache afterAdd fs-extra@0.26.5
451 verbose afterAdd /Users/huzhongchun/.npm/fs-extra/0.26.5/package/package.json not in flight; writing
452 verbose afterAdd /Users/huzhongchun/.npm/fs-extra/0.26.5/package/package.json written
453 silly fetchAndShaCheck shasum 13f458e430232b0f4ec1f480da7c2f5288e9d095
454 verbose addTmpTarball /tmp/npm-59746-f4dfcd9a/registry.npmjs.org/core-js/-/core-js-0.9.18.tgz not in flight; adding
455 verbose addTmpTarball already have metadata; skipping unpack for core-js@0.9.18
456 silly cache afterAdd core-js@0.9.18
457 verbose afterAdd /Users/huzhongchun/.npm/core-js/0.9.18/package/package.json not in flight; writing
458 verbose afterAdd /Users/huzhongchun/.npm/core-js/0.9.18/package/package.json written
459 http 200 https://registry.npmjs.org/ice-cap
460 verbose headers { server: 'CouchDB/1.5.0 (Erlang OTP/R16B03)',
460 verbose headers   etag: '"2QRSSTRP64JEHGXF9Q8OEJGX3"',
460 verbose headers   'content-type': 'application/json',
460 verbose headers   'content-encoding': 'gzip',
460 verbose headers   'cache-control': 'max-age=300',
460 verbose headers   'content-length': '1758',
460 verbose headers   'accept-ranges': 'bytes',
460 verbose headers   date: 'Fri, 03 Jun 2016 13:39:16 GMT',
460 verbose headers   via: '1.1 varnish',
460 verbose headers   age: '292',
460 verbose headers   connection: 'keep-alive',
460 verbose headers   'x-served-by': 'cache-ams4134-AMS',
460 verbose headers   'x-cache': 'HIT',
460 verbose headers   'x-cache-hits': '1',
460 verbose headers   'x-timer': 'S1464961156.458935,VS0,VE0',
460 verbose headers   vary: 'Accept-Encoding' }
461 silly get cb [ 200,
461 silly get   { server: 'CouchDB/1.5.0 (Erlang OTP/R16B03)',
461 silly get     etag: '"2QRSSTRP64JEHGXF9Q8OEJGX3"',
461 silly get     'content-type': 'application/json',
461 silly get     'content-encoding': 'gzip',
461 silly get     'cache-control': 'max-age=300',
461 silly get     'content-length': '1758',
461 silly get     'accept-ranges': 'bytes',
461 silly get     date: 'Fri, 03 Jun 2016 13:39:16 GMT',
461 silly get     via: '1.1 varnish',
461 silly get     age: '292',
461 silly get     connection: 'keep-alive',
461 silly get     'x-served-by': 'cache-ams4134-AMS',
461 silly get     'x-cache': 'HIT',
461 silly get     'x-cache-hits': '1',
461 silly get     'x-timer': 'S1464961156.458935,VS0,VE0',
461 silly get     vary: 'Accept-Encoding' } ]
462 verbose get saving ice-cap to /Users/huzhongchun/.npm/registry.npmjs.org/ice-cap/.cache.json
463 silly mapToRegistry name ice-cap
464 silly mapToRegistry using default registry
465 silly mapToRegistry registry https://registry.npmjs.org/
466 silly mapToRegistry uri https://registry.npmjs.org/ice-cap
467 verbose addRemoteTarball https://registry.npmjs.org/ice-cap/-/ice-cap-0.0.4.tgz not in flight; adding
468 verbose addRemoteTarball [ 'https://registry.npmjs.org/ice-cap/-/ice-cap-0.0.4.tgz',
468 verbose addRemoteTarball   '8a6d31ab4cac8d4b56de4fa946df3352561b6e18' ]
469 info retry fetch attempt 1 at 21:39:17
470 info attempt registry request try #1 at 21:39:17
471 http fetch GET https://registry.npmjs.org/ice-cap/-/ice-cap-0.0.4.tgz
472 http 200 https://registry.npmjs.org/taffydb
473 verbose headers { server: 'CouchDB/1.5.0 (Erlang OTP/R16B03)',
473 verbose headers   etag: '"7HDC6C8GZTRAP1JUE5LNZCP2Y"',
473 verbose headers   'content-type': 'application/json',
473 verbose headers   'content-encoding': 'gzip',
473 verbose headers   'cache-control': 'max-age=300',
473 verbose headers   'content-length': '2605',
473 verbose headers   'accept-ranges': 'bytes',
473 verbose headers   date: 'Fri, 03 Jun 2016 13:39:17 GMT',
473 verbose headers   via: '1.1 varnish',
473 verbose headers   age: '0',
473 verbose headers   connection: 'keep-alive',
473 verbose headers   'x-served-by': 'cache-ams4136-AMS',
473 verbose headers   'x-cache': 'HIT',
473 verbose headers   'x-cache-hits': '1',
473 verbose headers   'x-timer': 'S1464961156.975868,VS0,VE94',
473 verbose headers   vary: 'Accept-Encoding' }
474 silly get cb [ 200,
474 silly get   { server: 'CouchDB/1.5.0 (Erlang OTP/R16B03)',
474 silly get     etag: '"7HDC6C8GZTRAP1JUE5LNZCP2Y"',
474 silly get     'content-type': 'application/json',
474 silly get     'content-encoding': 'gzip',
474 silly get     'cache-control': 'max-age=300',
474 silly get     'content-length': '2605',
474 silly get     'accept-ranges': 'bytes',
474 silly get     date: 'Fri, 03 Jun 2016 13:39:17 GMT',
474 silly get     via: '1.1 varnish',
474 silly get     age: '0',
474 silly get     connection: 'keep-alive',
474 silly get     'x-served-by': 'cache-ams4136-AMS',
474 silly get     'x-cache': 'HIT',
474 silly get     'x-cache-hits': '1',
474 silly get     'x-timer': 'S1464961156.975868,VS0,VE94',
474 silly get     vary: 'Accept-Encoding' } ]
475 verbose get saving taffydb to /Users/huzhongchun/.npm/registry.npmjs.org/taffydb/.cache.json
476 silly mapToRegistry name taffydb
477 silly mapToRegistry using default registry
478 silly mapToRegistry registry https://registry.npmjs.org/
479 silly mapToRegistry uri https://registry.npmjs.org/taffydb
480 verbose addRemoteTarball https://registry.npmjs.org/taffydb/-/taffydb-2.7.2.tgz not in flight; adding
481 verbose addRemoteTarball [ 'https://registry.npmjs.org/taffydb/-/taffydb-2.7.2.tgz',
481 verbose addRemoteTarball   '7bf8106a5c1a48251b3e3bc0a0e1732489fd0dc8' ]
482 info retry fetch attempt 1 at 21:39:17
483 info attempt registry request try #1 at 21:39:17
484 http fetch GET https://registry.npmjs.org/taffydb/-/taffydb-2.7.2.tgz
485 http 200 https://registry.npmjs.org/minimist
486 verbose headers { server: 'CouchDB/1.5.0 (Erlang OTP/R16B03)',
486 verbose headers   etag: '"6WYQRB61MFPPSGGUX40OUX4JM"',
486 verbose headers   'content-type': 'application/json',
486 verbose headers   'content-encoding': 'gzip',
486 verbose headers   'cache-control': 'max-age=300',
486 verbose headers   'content-length': '5533',
486 verbose headers   'accept-ranges': 'bytes',
486 verbose headers   date: 'Fri, 03 Jun 2016 13:39:20 GMT',
486 verbose headers   via: '1.1 varnish',
486 verbose headers   age: '264',
486 verbose headers   connection: 'keep-alive',
486 verbose headers   'x-served-by': 'cache-ams4134-AMS',
486 verbose headers   'x-cache': 'HIT',
486 verbose headers   'x-cache-hits': '42',
486 verbose headers   'x-timer': 'S1464961160.119684,VS0,VE0',
486 verbose headers   vary: 'Accept-Encoding' }
487 silly get cb [ 200,
487 silly get   { server: 'CouchDB/1.5.0 (Erlang OTP/R16B03)',
487 silly get     etag: '"6WYQRB61MFPPSGGUX40OUX4JM"',
487 silly get     'content-type': 'application/json',
487 silly get     'content-encoding': 'gzip',
487 silly get     'cache-control': 'max-age=300',
487 silly get     'content-length': '5533',
487 silly get     'accept-ranges': 'bytes',
487 silly get     date: 'Fri, 03 Jun 2016 13:39:20 GMT',
487 silly get     via: '1.1 varnish',
487 silly get     age: '264',
487 silly get     connection: 'keep-alive',
487 silly get     'x-served-by': 'cache-ams4134-AMS',
487 silly get     'x-cache': 'HIT',
487 silly get     'x-cache-hits': '42',
487 silly get     'x-timer': 'S1464961160.119684,VS0,VE0',
487 silly get     vary: 'Accept-Encoding' } ]
488 verbose get saving minimist to /Users/huzhongchun/.npm/registry.npmjs.org/minimist/.cache.json
489 silly mapToRegistry name minimist
490 silly mapToRegistry using default registry
491 silly mapToRegistry registry https://registry.npmjs.org/
492 silly mapToRegistry uri https://registry.npmjs.org/minimist
493 verbose addRemoteTarball https://registry.npmjs.org/minimist/-/minimist-1.1.1.tgz not in flight; adding
494 verbose addRemoteTarball [ 'https://registry.npmjs.org/minimist/-/minimist-1.1.1.tgz',
494 verbose addRemoteTarball   '1bc2bc71658cdca5712475684363615b0b4f695b' ]
495 info retry fetch attempt 1 at 21:39:20
496 info attempt registry request try #1 at 21:39:20
497 http fetch GET https://registry.npmjs.org/minimist/-/minimist-1.1.1.tgz
498 http 200 https://registry.npmjs.org/cheerio
499 verbose headers { server: 'CouchDB/1.5.0 (Erlang OTP/R16B03)',
499 verbose headers   etag: '"F0ITEQ4G9TIPJU307UDD7KKC3"',
499 verbose headers   'content-type': 'application/json',
499 verbose headers   'content-encoding': 'gzip',
499 verbose headers   'cache-control': 'max-age=300',
499 verbose headers   'content-length': '19799',
499 verbose headers   'accept-ranges': 'bytes',
499 verbose headers   date: 'Fri, 03 Jun 2016 13:39:20 GMT',
499 verbose headers   via: '1.1 varnish',
499 verbose headers   age: '210',
499 verbose headers   connection: 'keep-alive',
499 verbose headers   'x-served-by': 'cache-ams4127-AMS',
499 verbose headers   'x-cache': 'HIT',
499 verbose headers   'x-cache-hits': '1',
499 verbose headers   'x-timer': 'S1464961160.705919,VS0,VE0',
499 verbose headers   vary: 'Accept-Encoding' }
500 silly get cb [ 200,
500 silly get   { server: 'CouchDB/1.5.0 (Erlang OTP/R16B03)',
500 silly get     etag: '"F0ITEQ4G9TIPJU307UDD7KKC3"',
500 silly get     'content-type': 'application/json',
500 silly get     'content-encoding': 'gzip',
500 silly get     'cache-control': 'max-age=300',
500 silly get     'content-length': '19799',
500 silly get     'accept-ranges': 'bytes',
500 silly get     date: 'Fri, 03 Jun 2016 13:39:20 GMT',
500 silly get     via: '1.1 varnish',
500 silly get     age: '210',
500 silly get     connection: 'keep-alive',
500 silly get     'x-served-by': 'cache-ams4127-AMS',
500 silly get     'x-cache': 'HIT',
500 silly get     'x-cache-hits': '1',
500 silly get     'x-timer': 'S1464961160.705919,VS0,VE0',
500 silly get     vary: 'Accept-Encoding' } ]
501 verbose get saving cheerio to /Users/huzhongchun/.npm/registry.npmjs.org/cheerio/.cache.json
502 silly mapToRegistry name cheerio
503 silly mapToRegistry using default registry
504 silly mapToRegistry registry https://registry.npmjs.org/
505 silly mapToRegistry uri https://registry.npmjs.org/cheerio
506 verbose addRemoteTarball https://registry.npmjs.org/cheerio/-/cheerio-0.19.0.tgz not in flight; adding
507 verbose addRemoteTarball [ 'https://registry.npmjs.org/cheerio/-/cheerio-0.19.0.tgz',
507 verbose addRemoteTarball   '772e7015f2ee29965096d71ea4175b75ab354925' ]
508 info retry fetch attempt 1 at 21:39:22
509 info attempt registry request try #1 at 21:39:22
510 http fetch GET https://registry.npmjs.org/cheerio/-/cheerio-0.19.0.tgz
511 http 200 https://registry.npmjs.org/estraverse
512 verbose headers { server: 'CouchDB/1.5.0 (Erlang OTP/R16B03)',
512 verbose headers   etag: '"7RQZ9XQ8VC3IGACMEPVY4T2B"',
512 verbose headers   'content-type': 'application/json',
512 verbose headers   'content-encoding': 'gzip',
512 verbose headers   'cache-control': 'max-age=300',
512 verbose headers   'content-length': '6318',
512 verbose headers   'accept-ranges': 'bytes',
512 verbose headers   date: 'Fri, 03 Jun 2016 13:39:23 GMT',
512 verbose headers   via: '1.1 varnish',
512 verbose headers   age: '206',
512 verbose headers   connection: 'keep-alive',
512 verbose headers   'x-served-by': 'cache-ams4142-AMS',
512 verbose headers   'x-cache': 'HIT',
512 verbose headers   'x-cache-hits': '35',
512 verbose headers   'x-timer': 'S1464961163.170699,VS0,VE0',
512 verbose headers   vary: 'Accept-Encoding' }
513 silly get cb [ 200,
513 silly get   { server: 'CouchDB/1.5.0 (Erlang OTP/R16B03)',
513 silly get     etag: '"7RQZ9XQ8VC3IGACMEPVY4T2B"',
513 silly get     'content-type': 'application/json',
513 silly get     'content-encoding': 'gzip',
513 silly get     'cache-control': 'max-age=300',
513 silly get     'content-length': '6318',
513 silly get     'accept-ranges': 'bytes',
513 silly get     date: 'Fri, 03 Jun 2016 13:39:23 GMT',
513 silly get     via: '1.1 varnish',
513 silly get     age: '206',
513 silly get     connection: 'keep-alive',
513 silly get     'x-served-by': 'cache-ams4142-AMS',
513 silly get     'x-cache': 'HIT',
513 silly get     'x-cache-hits': '35',
513 silly get     'x-timer': 'S1464961163.170699,VS0,VE0',
513 silly get     vary: 'Accept-Encoding' } ]
514 verbose get saving estraverse to /Users/huzhongchun/.npm/registry.npmjs.org/estraverse/.cache.json
515 silly mapToRegistry name estraverse
516 silly mapToRegistry using default registry
517 silly mapToRegistry registry https://registry.npmjs.org/
518 silly mapToRegistry uri https://registry.npmjs.org/estraverse
519 verbose addRemoteTarball https://registry.npmjs.org/estraverse/-/estraverse-4.1.0.tgz not in flight; adding
520 verbose addRemoteTarball [ 'https://registry.npmjs.org/estraverse/-/estraverse-4.1.0.tgz',
520 verbose addRemoteTarball   '40f23a76092041be6467d7f235c933b670766e05' ]
521 info retry fetch attempt 1 at 21:39:23
522 info attempt registry request try #1 at 21:39:23
523 http fetch GET https://registry.npmjs.org/estraverse/-/estraverse-4.1.0.tgz
524 http fetch 200 https://registry.npmjs.org/espree/-/espree-2.2.0.tgz
525 silly fetchAndShaCheck shasum 01dc927a7ea5081d1a7b6d610249e624e7fef3d6
526 verbose addTmpTarball /tmp/npm-59746-f4dfcd9a/registry.npmjs.org/espree/-/espree-2.2.0.tgz not in flight; adding
527 verbose addTmpTarball already have metadata; skipping unpack for espree@2.2.0
528 silly cache afterAdd espree@2.2.0
529 verbose afterAdd /Users/huzhongchun/.npm/espree/2.2.0/package/package.json not in flight; writing
530 verbose afterAdd /Users/huzhongchun/.npm/espree/2.2.0/package/package.json written
531 verbose stack Error: read ECONNRESET
531 verbose stack     at exports._errnoException (util.js:874:11)
531 verbose stack     at TLSWrap.onread (net.js:544:26)
532 verbose cwd /Users/huzhongchun/thefair/www/test/mini-event-master
533 error Darwin 15.4.0
534 error argv "/usr/local/bin/node" "/usr/local/bin/npm" "i" "-g" "esdoc"
535 error node v4.2.1
536 error npm  v2.14.7
537 error code ECONNRESET
538 error errno ECONNRESET
539 error syscall read
540 error network read ECONNRESET
540 error network This is most likely not a problem with npm itself
540 error network and is related to network connectivity.
540 error network In most cases you are behind a proxy or have bad network settings.
540 error network
540 error network If you are behind a proxy, please make sure that the
540 error network 'proxy' config is set properly.  See: 'npm help config'
541 verbose exit [ 1, true ]
